{"/home/reach/development/m3ntorship-ui/src/index.tsx": {"path":"/home/reach/development/m3ntorship-ui/src/index.tsx","statementMap":{"0":{"start":{"line":1,"column":0},"end":{"line":1,"column":62}},"1":{"start":{"line":13,"column":32},"end":{"line":15,"column":1}},"2":{"start":{"line":13,"column":43},"end":{"line":13,"column":45}},"3":{"start":{"line":14,"column":2},"end":{"line":14,"column":77}},"4":{"start":{"line":13,"column":13},"end":{"line":13,"column":32}}},"fnMap":{"0":{"name":"(anonymous_0)","decl":{"start":{"line":13,"column":32},"end":{"line":13,"column":33}},"loc":{"start":{"line":13,"column":45},"end":{"line":15,"column":1}}}},"branchMap":{"0":{"loc":{"start":{"line":14,"column":15},"end":{"line":14,"column":69}},"type":"binary-expr","locations":[{"start":{"line":14,"column":15},"end":{"line":14,"column":23}},{"start":{"line":14,"column":27},"end":{"line":14,"column":69}}]}},"s":{"0":1,"1":1,"2":1,"3":1,"4":1},"f":{"0":1},"b":{"0":[1,1]}}
}
